<?xml version="1.0" encoding="UTF-8"?>
<testng-results ignored="0" total="1" passed="1" failed="0" skipped="0">
  <reporter-output>
  </reporter-output>
  <suite started-at="2025-07-12T19:19:22 WIB" name="runner" finished-at="2025-07-12T19:19:25 WIB" duration-ms="3625">
    <groups>
    </groups>
    <test started-at="2025-07-12T19:19:22 WIB" name="runner" finished-at="2025-07-12T19:19:25 WIB" duration-ms="3625">
      <class name="selenium_page_factory.test_suites.CheckoutFlowE2E">
        <test-method is-config="true" signature="setup()[pri:0, instance:selenium_page_factory.test_suites.CheckoutFlowE2E@5e180aaf]" started-at="2025-07-12T19:19:20 WIB" name="setup" finished-at="2025-07-12T19:19:22 WIB" duration-ms="1429" status="PASS">
          <reporter-output>
          </reporter-output>
        </test-method> <!-- setup -->
        <test-method signature="checkoutFlow()[pri:0, instance:selenium_page_factory.test_suites.CheckoutFlowE2E@5e180aaf]" started-at="2025-07-12T19:19:22 WIB" name="checkoutFlow" finished-at="2025-07-12T19:19:25 WIB" duration-ms="3587" status="PASS">
          <reporter-output>
          </reporter-output>
        </test-method> <!-- checkoutFlow -->
        <test-method is-config="true" signature="teardown()[pri:0, instance:selenium_page_factory.test_suites.CheckoutFlowE2E@5e180aaf]" started-at="2025-07-12T19:19:25 WIB" name="teardown" finished-at="2025-07-12T19:19:25 WIB" duration-ms="120" status="PASS">
          <reporter-output>
          </reporter-output>
        </test-method> <!-- teardown -->
      </class> <!-- selenium_page_factory.test_suites.CheckoutFlowE2E -->
    </test> <!-- runner -->
  </suite> <!-- runner -->
</testng-results>
