<?xml version="1.0" encoding="UTF-8"?>
<!-- Generated by org.testng.reporters.JUnitReportReporter -->
<testsuite hostname="OCA-dev200325s-MacBook-Air.local" failures="0" tests="6" name="cucumber.runners.CucumberRunner" time="13.252" errors="0" timestamp="2025-06-15T11:21:53 WIB" skipped="0">
  <testcase classname="cucumber.runners.CucumberRunner" name="runScenario" time="2.855"/>
  <testcase classname="cucumber.runners.CucumberRunner" name="runScenario" time="2.177"/>
  <testcase classname="cucumber.runners.CucumberRunner" name="runScenario" time="1.626"/>
  <testcase classname="cucumber.runners.CucumberRunner" name="runScenario" time="2.875"/>
  <testcase classname="cucumber.runners.CucumberRunner" name="runScenario" time="0.032"/>
  <testcase classname="cucumber.runners.CucumberRunner" name="runScenario" time="3.687"/>
</testsuite> <!-- cucumber.runners.CucumberRunner -->
