<?xml version="1.0" encoding="UTF-8"?>
<!-- Generated by org.testng.reporters.JUnitReportReporter -->
<testsuite hostname="OCA-dev200325s-MacBook-Air.local" failures="0" tests="1" name="selenium_page_factory.test_suite_cucumber.runner.CucumberRunner" time="5.225" errors="0" timestamp="2025-07-12T19:18:44 WIB" skipped="0">
  <testcase classname="selenium_page_factory.test_suite_cucumber.runner.CucumberRunner" name="runScenario" time="5.225"/>
</testsuite> <!-- selenium_page_factory.test_suite_cucumber.runner.CucumberRunner -->
